In undefined env !
Redis version greater than or equal to 2.8.18 Required !
Server running on PORT 5000 10/02/2025, 4:16:29 pm
Database Connected !!!
gcc-oj-container Id : c4f09e1206801994279ef578d60fd88712d3e94a69884f6f8544e58f0d1b82e4
py-oj-container Id : d16b866c089b6edcc59031298489fdf8b692147f26f9a82bcc202e042e0ed898
js-oj-container Id : 6d805306f04f2916c24184c8e2c52b4701d652b12fe258e92c10ce87cecf3ba0
java-oj-container Id : fc1a5f20524ad9ac0604df938f09e8ec85caab5398db436326d3d962caed6425

All Containers Initialized
GET /loggedIn 10/02/2025, 4:18:12 pm
GET /problems 10/02/2025, 4:18:12 pm
In undefined env !
Redis version greater than or equal to 2.8.18 Required !
Server running on PORT 5000 10/02/2025, 10:05:31 pm
Database Connected !!!
In undefined env !
Redis version greater than or equal to 2.8.18 Required !
Server running on PORT 5000 10/02/2025, 10:06:38 pm
Database Connected !!!
gcc-oj-container Id : 4f482c604ac90f4be94f0e400070fc39e22b6d3958415243fbc2a69a2afea540
py-oj-container Id : 8d47d20cd1c52a4e69585253ffd1ee2a86e2aa74c11ab5dd2fd5ded6caa1eed6
js-oj-container Id : af7fb9701532a9cfeb86e6abb8ab9c91e192fa8374ab97c2ba7a5983cd111bd2
java-oj-container Id : 1c6b45ee0e13cbdd473b011d0daa133d3d6d97c50d1e3249bee6450cecfe0b47

All Containers Initialized
GET /problems 10/02/2025, 10:10:59 pm
GET /loggedIn 10/02/2025, 10:10:59 pm
POST /login 10/02/2025, 10:11:34 pm
GET /loggedIn 10/02/2025, 10:11:35 pm
GET /loggedIn 10/02/2025, 10:13:17 pm
GET /problems 10/02/2025, 10:13:17 pm
GET /problems 10/02/2025, 10:52:11 pm
GET /loggedIn 10/02/2025, 10:52:11 pm
GET /loggedIn 10/02/2025, 10:57:17 pm
GET /problems 10/02/2025, 10:57:17 pm
GET /problems 10/02/2025, 10:59:46 pm
GET /loggedIn 10/02/2025, 10:59:46 pm
GET /problems 10/02/2025, 11:00:46 pm
GET /loggedIn 10/02/2025, 11:00:46 pm
GET /problems 10/02/2025, 11:02:43 pm
GET /loggedIn 10/02/2025, 11:02:43 pm
GET /problems 10/02/2025, 11:04:27 pm
GET /loggedIn 10/02/2025, 11:04:27 pm
GET /problems 10/02/2025, 11:28:34 pm
GET /loggedIn 10/02/2025, 11:28:34 pm
GET /logout 10/02/2025, 11:28:42 pm
GET /loggedIn 10/02/2025, 11:28:42 pm
GET /loggedIn 10/02/2025, 11:28:46 pm
GET /problems 10/02/2025, 11:28:46 pm
POST /login 10/02/2025, 11:28:52 pm
GET /loggedIn 10/02/2025, 11:28:52 pm
In undefined env !
Redis version greater than or equal to 2.8.18 Required !
Server running on PORT 5000 11/02/2025, 12:32:08 pm
Database Connected !!!
gcc-oj-container Id : d91d2e5d196aa0d8ebf40649304354ada6f07164f94a8c42a196c097aad3b294
py-oj-container Id : 0f55d93769e26f668aeeaee000ce4ceee540eba3c239d3a66eb058e6af306ba9
js-oj-container Id : 3209c82e89960a67522b6c93f7d44d66a58095384e8b97f9bf84d552ffe0faf6
java-oj-container Id : 1d1c962a3e0069ae97b5216d0c0100c88a1fe4f9cad75eb9e450b085106832b8

All Containers Initialized
GET /loggedIn 11/02/2025, 12:32:42 pm
GET /problems 11/02/2025, 12:32:42 pm
POST /login 11/02/2025, 12:32:57 pm
GET /loggedIn 11/02/2025, 12:32:58 pm
GET /leaderboard 11/02/2025, 12:33:17 pm
GET /problems 11/02/2025, 12:38:16 pm
GET /loggedIn 11/02/2025, 12:38:16 pm
GET /loggedIn 11/02/2025, 1:18:52 pm
GET /problems 11/02/2025, 1:18:52 pm
GET /loggedIn 11/02/2025, 1:36:09 pm
GET /problems 11/02/2025, 1:36:09 pm
GET /loggedIn 11/02/2025, 1:36:13 pm
GET /problems 11/02/2025, 1:36:13 pm
In undefined env !
Redis version greater than or equal to 2.8.18 Required !
Server running on PORT 5000 13/02/2025, 12:03:43 am
Database Connected !!!
gcc-oj-container Id : 33aae15e42f2d1ca751064aaf59a7ccfa3d25afb99e49d3aedd0ba1c90f69933
py-oj-container Id : 919492a69c3e083a08948a4bc4345f02d317a76c23386543912305c1b64f7f0a
js-oj-container Id : a66c6e0f088cf99e9c22ac211e102c0bc26616f4d26ca826c424d4cd75b0c1ff
java-oj-container Id : d55e94583686ca387ca55434d9ecfe94a42e6fe687985a62411d59ac0695eae4

All Containers Initialized
GET /loggedIn 13/02/2025, 12:18:59 am
GET /problems 13/02/2025, 12:18:59 am
POST /login 13/02/2025, 12:19:13 am
GET /loggedIn 13/02/2025, 12:19:13 am
GET /problems 13/02/2025, 12:46:07 am
GET /loggedIn 13/02/2025, 12:46:07 am
GET /loggedIn 13/02/2025, 12:49:52 am
GET /problems 13/02/2025, 12:49:52 am
GET /problems 13/02/2025, 12:51:06 am
GET /loggedIn 13/02/2025, 12:51:06 am
GET /problems 13/02/2025, 12:51:23 am
GET /loggedIn 13/02/2025, 12:51:24 am
GET /loggedIn 13/02/2025, 12:58:21 am
GET /problems 13/02/2025, 12:58:21 am
GET /loggedIn 13/02/2025, 12:59:19 am
GET /problems 13/02/2025, 12:59:19 am
GET /loggedIn 13/02/2025, 1:00:11 am
GET /problems 13/02/2025, 1:00:11 am
GET /loggedIn 13/02/2025, 1:00:22 am
GET /problems 13/02/2025, 1:00:22 am
GET /problems 13/02/2025, 1:14:01 am
GET /loggedIn 13/02/2025, 1:14:01 am
GET /loggedIn 13/02/2025, 1:34:44 am
GET /problems 13/02/2025, 1:34:44 am
GET /problems 13/02/2025, 1:34:59 am
GET /loggedIn 13/02/2025, 1:34:59 am
GET /problems 13/02/2025, 1:36:29 am
POST /login 13/02/2025, 1:36:34 am
GET /loggedIn 13/02/2025, 1:36:35 am
GET /problems 13/02/2025, 1:36:42 am
POST /register 13/02/2025, 1:37:07 am
GET /loggedIn 13/02/2025, 1:37:07 am
GET /problems 13/02/2025, 1:37:11 am
POST /login 13/02/2025, 1:37:18 am
GET /loggedIn 13/02/2025, 1:37:18 am
In undefined env !
Redis version greater than or equal to 2.8.18 Required !
Server running on PORT 5000 13/02/2025, 6:10:26 pm
Database Connected !!!
gcc-oj-container Id : db118b40f4ac420c199dcf741937bbd891273945762ebacb27a58d44563f43d4
py-oj-container Id : 2d1b9c9e5cd6e17afe6b386656cc6f6d63a99100ac9bd9c1ffaf22245c22efeb
js-oj-container Id : 774764ce2746cc2bfe1d87c14cd463ad0560fcc9bfd0b2df4e46e048084642f2
java-oj-container Id : fb254f54b0da17f5bd797c5b657334c15df54f3b97ee7e979b011e9803f9aef3

All Containers Initialized
GET /problems 13/02/2025, 6:15:38 pm
GET /problems 13/02/2025, 6:24:39 pm
GET /problems 13/02/2025, 6:25:34 pm
GET /problems 13/02/2025, 6:29:06 pm
GET /problems 13/02/2025, 6:29:33 pm
GET /problems 13/02/2025, 6:30:02 pm
GET /problems 13/02/2025, 6:33:16 pm
GET /problems 13/02/2025, 6:42:12 pm
POST /login 13/02/2025, 6:42:36 pm
GET /loggedIn 13/02/2025, 6:42:36 pm
GET /problems 13/02/2025, 6:42:55 pm
GET /problems 13/02/2025, 6:43:04 pm
GET /problems 13/02/2025, 6:43:25 pm
GET /problems 13/02/2025, 6:43:26 pm
GET /problems 13/02/2025, 6:44:10 pm
GET /problems 13/02/2025, 6:44:25 pm
GET /problems 13/02/2025, 6:44:45 pm
GET /problems 13/02/2025, 6:50:42 pm
GET /problems 13/02/2025, 6:50:48 pm
GET /problems 13/02/2025, 6:51:04 pm
GET /problems 13/02/2025, 6:51:30 pm
GET /problems 13/02/2025, 6:51:37 pm
GET /problems 13/02/2025, 6:51:46 pm
GET /problems 13/02/2025, 8:43:00 pm
GET /problems 13/02/2025, 8:58:19 pm
GET /problems 13/02/2025, 9:19:50 pm
GET /problems 13/02/2025, 9:23:27 pm
GET /problems 13/02/2025, 9:24:29 pm
GET /problems/67ae0e98b5eb699a6a012cc5 13/02/2025, 9:35:16 pm
GET /problems 13/02/2025, 9:35:16 pm
GET /problems 13/02/2025, 9:36:51 pm
GET /problems/67ae0e98b5eb699a6a012cc5 13/02/2025, 9:36:51 pm
GET /problems 13/02/2025, 9:37:10 pm
GET /problems/67ae0e98b5eb699a6a012cc5 13/02/2025, 9:37:10 pm
GET /problems/67ae0e98b5eb699a6a012cc5 13/02/2025, 9:39:35 pm
GET /problems/67ae0e98b5eb699a6a012cc5 13/02/2025, 9:39:54 pm
GET /problems/67ae0e98b5eb699a6a012cc5 13/02/2025, 9:40:24 pm
GET /problems 13/02/2025, 9:40:28 pm
GET /problems/67ae0e98b5eb699a6a012cc5 13/02/2025, 9:40:28 pm
GET /problems/67ae0e98b5eb699a6a012cc5 13/02/2025, 9:44:30 pm
GET /problems 13/02/2025, 9:44:31 pm
GET /problems/67ae0e98b5eb699a6a012cc5 13/02/2025, 9:44:31 pm
GET /problems 13/02/2025, 9:47:08 pm
GET /problems/67ae0e98b5eb699a6a012cc5 13/02/2025, 9:47:08 pm
GET /problems 13/02/2025, 9:47:54 pm
GET /problems/67ae0e98b5eb699a6a012cc5 13/02/2025, 9:47:54 pm
GET /problems/67ae0e98b5eb699a6a012cc5 13/02/2025, 9:48:08 pm
GET /problems 13/02/2025, 9:48:08 pm
GET /problems 13/02/2025, 9:48:09 pm
GET /problems/67ae0e98b5eb699a6a012cc5 13/02/2025, 9:48:09 pm
GET /problems 13/02/2025, 11:53:13 pm
POST /login 13/02/2025, 11:53:30 pm
GET /loggedIn 13/02/2025, 11:53:30 pm
GET /problems 13/02/2025, 11:54:50 pm
GET /problems/67a899922a01af5e6917fd2e 13/02/2025, 11:54:50 pm
GET /problems 13/02/2025, 11:55:47 pm
GET /problems/67ae0e4db5eb699a6a012cc3 13/02/2025, 11:55:49 pm
In undefined env !
Redis version greater than or equal to 2.8.18 Required !
<<<<<<< Updated upstream
Server running on PORT 5000 14/02/2025, 12:41:46 pm
Database Connected !!!
gcc-oj-container Id : ecaaa67593ef48f808ebccc27125bb5a23d2530f1de4d2cf834a69d5ac22fb08
py-oj-container Id : 9597cf7c60d421082369e24445e3c05f0b03810d1705aee9c794715f430dd361
js-oj-container Id : 0b5c37cd7a353a53f606a093a8a9aa6ae4531eb543ef4075bf84108133855c5a
java-oj-container Id : 365e96379abb6842ba8610df23c7859870696e3c7798c8d926361d2dcebf7438

All Containers Initialized
GET /problems 14/02/2025, 12:42:23 pm
GET /problems 14/02/2025, 12:42:33 pm
GET /problems/67ae0e4db5eb699a6a012cc3 14/02/2025, 12:42:48 pm
GET /problems 14/02/2025, 12:43:16 pm
GET /problems/67ae0e4db5eb699a6a012cc3 14/02/2025, 12:43:17 pm
GET /problems 14/02/2025, 12:44:38 pm
GET /problems/67ae0e4db5eb699a6a012cc3 14/02/2025, 12:44:38 pm
GET /problems 14/02/2025, 12:45:24 pm
GET /problems/67ae0e4db5eb699a6a012cc3 14/02/2025, 12:45:24 pm
GET /problems/67ae0e4db5eb699a6a012cc3 14/02/2025, 12:49:00 pm
GET /problems/67ae0e4db5eb699a6a012cc3 14/02/2025, 12:51:59 pm
GET /problems/67ae0e4db5eb699a6a012cc3 14/02/2025, 1:00:13 pm
GET /problems/67ae0e4db5eb699a6a012cc3 14/02/2025, 1:03:02 pm
GET /problems/67ae0e4db5eb699a6a012cc3 14/02/2025, 1:03:46 pm
GET /problems/67ae0e4db5eb699a6a012cc3 14/02/2025, 1:20:06 pm
GET /problems/67ae0e4db5eb699a6a012cc3 14/02/2025, 1:20:37 pm
GET /problems 14/02/2025, 1:21:15 pm
GET /problems/67ae0e4db5eb699a6a012cc3 14/02/2025, 1:21:15 pm
POST /problems/67ae0e4db5eb699a6a012cc3 14/02/2025, 1:21:30 pm
GET /problems/67ae0e4db5eb699a6a012cc3 14/02/2025, 2:25:04 pm
GET /problems 14/02/2025, 2:29:36 pm
GET /problems/67ae0e4db5eb699a6a012cc3 14/02/2025, 2:29:36 pm
POST /problems/67ae0e4db5eb699a6a012cc3 14/02/2025, 2:29:54 pm
In undefined env !
Redis version greater than or equal to 2.8.18 Required !
Server running on PORT 5000 14/02/2025, 2:34:02 pm
Database Connected !!!
Deleted(stopped) : js-oj-container

Deleted(stopped) : java-oj-container

Deleted(stopped) : py-oj-container

Deleted(stopped) : gcc-oj-container

In undefined env !
Redis version greater than or equal to 2.8.18 Required !
Server running on PORT 5000 14/02/2025, 2:34:10 pm
Database Connected !!!
Deleted(stopped) : js-oj-container

In undefined env !
Redis version greater than or equal to 2.8.18 Required !
Server running on PORT 5000 14/02/2025, 2:34:40 pm
Database Connected !!!
gcc-oj-container Id : 4b975f175fdcb40bf3fb2b7e08e87995dbba7fb662be04a7eb98c20223e278e8
py-oj-container Id : 79182fc20044da2c8c9ef0f9e3082166d1f5d26093abbfe42534388a438d6411
js-oj-container Id : 3cc4db4b69ea25c86a6c7412f4cd960f683549169c4b3421d3dc35ef3e548122
java-oj-container Id : 6be40968807c8a12ce8c688dbc72eca5dc0ced652d2d1fba1d6cc409d2b369ac

All Containers Initialized
GET /problems 14/02/2025, 2:34:50 pm
GET /problems/67ae0e4db5eb699a6a012cc3 14/02/2025, 2:34:50 pm
POST /problems/67ae0e4db5eb699a6a012cc3 14/02/2025, 2:35:03 pm
GET /problems 14/02/2025, 2:35:08 pm
POST /login 14/02/2025, 2:35:14 pm
GET /loggedIn 14/02/2025, 2:35:14 pm
GET /problems 14/02/2025, 2:35:26 pm
GET /problems/67ae0e4db5eb699a6a012cc3 14/02/2025, 2:35:28 pm
POST /problems/67ae0e4db5eb699a6a012cc3 14/02/2025, 2:35:39 pm
In undefined env !
Redis version greater than or equal to 2.8.18 Required !
Server running on PORT 5000 14/02/2025, 2:37:23 pm
Database Connected !!!
gcc-oj-container Id : e8a1521a52505fc9bb809350e787c005e504cf48bbd31193a785fac0f4062b0e
py-oj-container Id : fca3e94480c2a33ac2fbe95f0b53695761363737305a5c1f88f80c8b3909e4e1
js-oj-container Id : c79a8796e37ce3bb62b238b2e7fbd4ebcf580be14864c99e7d5e3f3ff751d307
java-oj-container Id : bfbff98d91843bd686758f1134a38536e214e3312d38075b4a7ce494d89e1d52

All Containers Initialized
GET /problems 14/02/2025, 2:37:33 pm
GET /problems/67ae0e4db5eb699a6a012cc3 14/02/2025, 2:37:33 pm
POST /problems/67ae0e4db5eb699a6a012cc3 14/02/2025, 2:37:37 pm
In undefined env !
Redis version greater than or equal to 2.8.18 Required !
Server running on PORT 5000 14/02/2025, 2:48:08 pm
Database Connected !!!
gcc-oj-container Id : 4e2ab5aaf18a49a97d5df83523b59982e6700e32ce503c5e3d50329e7911cb33
py-oj-container Id : de23465197b99e1bb5f40ee3413bcdf240a7a6dc68cf1e4a3c9ae647c6c7f52d
js-oj-container Id : 46240c17e3625f0042e55e116859b682e24c812949bb0b9563b6ccb1db61a615
java-oj-container Id : 4f5dd6c98e192a287b34dab24ffb03d391991867ba2712ff37464a58ccaa6f86

All Containers Initialized
GET /problems 14/02/2025, 2:48:20 pm
GET /problems/67ae0e4db5eb699a6a012cc3 14/02/2025, 2:48:20 pm
POST /problems/67ae0e4db5eb699a6a012cc3 14/02/2025, 2:49:09 pm
In undefined env !
Redis version greater than or equal to 2.8.18 Required !
Server running on PORT 5000 14/02/2025, 2:54:12 pm
Database Connected !!!
gcc-oj-container Id : af1c2fc56383fc5894a8f1fc47da44017b406039312d5cbfe2babe84e7eed1c0
py-oj-container Id : 6014d984105a48c71c1fc55d71e1d5d52a135f432d6a641a7be96bb9d1c5b623
js-oj-container Id : e1b750ac45bea08b5b6ec58d0c7080f10096691516664bb20d61da0b7548482e
java-oj-container Id : a8fd542055ce05113f4efc33d52e3857d94e5779139d467a24f0ac3fa369ff5c

All Containers Initialized
GET /problems 14/02/2025, 2:54:21 pm
GET /problems/67ae0e4db5eb699a6a012cc3 14/02/2025, 2:54:21 pm
POST /problems/67ae0e4db5eb699a6a012cc3 14/02/2025, 2:54:24 pm
In undefined env !
Redis version greater than or equal to 2.8.18 Required !
Server running on PORT 5000 14/02/2025, 2:55:41 pm
Database Connected !!!
gcc-oj-container Id : a64fdc1f5815be18357c24a98c6cade106963a9250607018bde1480dc07fb16c
py-oj-container Id : e922d709ec7136b2652d1f7a72e4ab276b33191642b2915734508559f6d10ce5
js-oj-container Id : 6547b866159ff6a9a12c6c03de2e4f3cab1883a0b4e1bd6241028c5706004845
java-oj-container Id : 1db61daaed9f148edb6ffff6983490e37a1eee0faee69c7c38f49d9cd30f2e1b

All Containers Initialized
GET /problems 14/02/2025, 2:55:48 pm
GET /problems/67ae0e4db5eb699a6a012cc3 14/02/2025, 2:55:48 pm
POST /problems/67ae0e4db5eb699a6a012cc3 14/02/2025, 2:55:51 pm
GET /problems 14/02/2025, 2:56:28 pm
GET /problems/67ae0e4db5eb699a6a012cc3 14/02/2025, 2:56:28 pm
POST /problems/67ae0e4db5eb699a6a012cc3 14/02/2025, 2:56:42 pm
GET /problems 14/02/2025, 2:57:20 pm
GET /problems/67ae0e4db5eb699a6a012cc3 14/02/2025, 2:57:20 pm
POST /problems/67ae0e4db5eb699a6a012cc3 14/02/2025, 2:57:35 pm
GET /problems/67ae0e4db5eb699a6a012cc3 14/02/2025, 2:58:19 pm
GET /problems/67ae0e4db5eb699a6a012cc3 14/02/2025, 3:01:30 pm
GET /problems 14/02/2025, 3:01:32 pm
GET /problems/67ae0e4db5eb699a6a012cc3 14/02/2025, 3:01:32 pm
POST /problems/67ae0e4db5eb699a6a012cc3 14/02/2025, 3:01:50 pm
GET /problems 14/02/2025, 3:02:52 pm
GET /problems/67ae0e4db5eb699a6a012cc3 14/02/2025, 3:02:52 pm
POST /problems/67ae0e4db5eb699a6a012cc3 14/02/2025, 3:03:08 pm
=======
Server running on PORT 5000 14/02/2025, 12:50:22 pm
Database Connected !!!
In undefined env !
Redis version greater than or equal to 2.8.18 Required !
Server running on PORT 5000 14/02/2025, 1:11:54 pm
Database Connected !!!
GET /problems 14/02/2025, 1:14:52 pm
GET /problems 14/02/2025, 3:02:50 pm
GET /problems 14/02/2025, 3:22:26 pm
POST /login 14/02/2025, 3:23:20 pm
GET /loggedIn 14/02/2025, 3:23:20 pm
POST /login 14/02/2025, 3:23:28 pm
GET /loggedIn 14/02/2025, 3:23:28 pm
GET /problems 14/02/2025, 3:30:12 pm
POST /login 14/02/2025, 3:30:41 pm
GET /loggedIn 14/02/2025, 3:30:41 pm
GET /problems 14/02/2025, 3:35:52 pm
GET /problems 14/02/2025, 3:37:30 pm
GET /problems/67ae0e4db5eb699a6a012cc3 14/02/2025, 3:37:30 pm
GET /problems 14/02/2025, 3:37:38 pm
GET /problems 14/02/2025, 3:37:43 pm
GET /problems/67ae0e4db5eb699a6a012cc3 14/02/2025, 3:37:44 pm
GET /problems 14/02/2025, 3:38:47 pm
GET /problems/67ae0e4db5eb699a6a012cc3 14/02/2025, 3:38:57 pm
GET /problems 14/02/2025, 3:41:41 pm
>>>>>>> Stashed changes
In undefined env !
Redis version greater than or equal to 2.8.18 Required !
Server running on PORT 5000 14/02/2025, 3:48:40 pm
Database Connected !!!
GET /problems 14/02/2025, 3:48:41 pm
Deleted(stopped) : gcc-oj-container

Deleted(stopped) : py-oj-container

Deleted(stopped) : java-oj-container

Deleted(stopped) : js-oj-container

gcc-oj-container Id : 7d4406552a6365df76474caaf1ebb08a3ed3d229747193976884b68a6ffd6539
py-oj-container Id : 0484b195cfb14a40475508973aca85522e71cd4ced0ae23e707c1f8a37fa0570
js-oj-container Id : 0220d61944b2eb63c5694299738a91c88d1631735cb12d1bc7e7c7844c45be9e
java-oj-container Id : d30f9b971ff5e1a569b234c12f2f3b943ae303ef7f4944ed7482894213dea330

All Containers Initialized
GET /problems 14/02/2025, 3:49:09 pm
POST /login 14/02/2025, 3:49:20 pm
GET /loggedIn 14/02/2025, 3:49:20 pm
GET /problems 14/02/2025, 3:49:29 pm
GET /problems/67ae0e4db5eb699a6a012cc3 14/02/2025, 3:49:29 pm
GET /problems 14/02/2025, 3:49:47 pm
GET /problems/67ae0e4db5eb699a6a012cc3 14/02/2025, 3:49:47 pm
GET /problems 14/02/2025, 7:35:58 pm
POST /login 14/02/2025, 7:36:05 pm
GET /loggedIn 14/02/2025, 7:36:05 pm
GET /problems 14/02/2025, 7:41:20 pm
GET /problems 14/02/2025, 7:44:56 pm
GET /problems 14/02/2025, 7:47:23 pm
GET /problems 14/02/2025, 7:48:33 pm
GET /problems 14/02/2025, 7:48:37 pm
GET /problems 14/02/2025, 7:49:38 pm
GET /problems 14/02/2025, 7:49:54 pm
GET /problems 14/02/2025, 7:50:38 pm
GET /problems 14/02/2025, 7:51:15 pm
GET /problems 14/02/2025, 7:52:36 pm
GET /problems 14/02/2025, 8:01:35 pm
In undefined env !
Redis version greater than or equal to 2.8.18 Required !
Server running on PORT 5000 15/02/2025, 12:03:53 pm
Database Connected !!!
gcc-oj-container Id : 1e2a7887537905088adc6eb3e7345fff622ce656eb332ae171064508e2d6a766
py-oj-container Id : 83a57fd1c326a71d8a1199891c4d48a582ab9bfbbdf01fc714aa3d5f27c295bf
js-oj-container Id : 8553f005fa1cc80179f4bfa4f129386746fc8330ad0193af8db3c9a4ab9d3a7c
java-oj-container Id : 39cdfab894d559616140fd89bb1cb7731e207544ea0bb76f85e15057838c901e

All Containers Initialized
GET /problems 15/02/2025, 12:04:14 pm
GET /problems 15/02/2025, 12:17:22 pm
POST /login 15/02/2025, 12:17:38 pm
GET /loggedIn 15/02/2025, 12:17:38 pm
GET /problems 15/02/2025, 12:18:04 pm
GET /problems 15/02/2025, 12:18:29 pm
GET /problems 15/02/2025, 12:27:36 pm
GET /problems/67ae0e98b5eb699a6a012cc5 15/02/2025, 12:27:38 pm
GET /problems/67ae0e4db5eb699a6a012cc3 15/02/2025, 12:27:52 pm
GET /problems/67ae0f10b5eb699a6a012cc7 15/02/2025, 12:28:09 pm
GET /problems 15/02/2025, 12:49:04 pm
GET /problems/67b03fb3caaccbe3ef11b838 15/02/2025, 12:49:07 pm
GET /problems/67ae0e4db5eb699a6a012cc3 15/02/2025, 12:49:35 pm
GET /problems/67ae0e98b5eb699a6a012cc5 15/02/2025, 12:49:40 pm
GET /problems 15/02/2025, 12:53:46 pm
GET /problems/67b04069caaccbe3ef11b83a 15/02/2025, 12:53:49 pm
GET /problems 15/02/2025, 12:53:59 pm
GET /problems/67b04069caaccbe3ef11b83a 15/02/2025, 12:53:59 pm
GET /problems 15/02/2025, 12:56:38 pm
GET /problems/67b040e0caaccbe3ef11b83c 15/02/2025, 12:56:39 pm
GET /problems/67ae0e98b5eb699a6a012cc5 15/02/2025, 1:14:38 pm
In undefined env !
Redis version greater than or equal to 2.8.18 Required !
Server running on PORT 5000 15/02/2025, 3:58:20 pm
Database Connected !!!
gcc-oj-container Id : c8a4d961952416cc38c9249708f4a58b47a44d72db28e81bec2dfbe38f360507
py-oj-container Id : b6401948e3ae04680088ad9a09a638514b2c6bb691f4caedb63954a99685516d
js-oj-container Id : 03ae396a6ea275fe0a3fdec628c251d50cdc936f166e7b149cd4a4c683247c4b
java-oj-container Id : 3f92278b9a556d757145ba8733c988adba1f583615d58568945fa2516169792d

All Containers Initialized
GET /problems 15/02/2025, 3:59:00 pm
GET /problems 15/02/2025, 4:11:07 pm
GET /problems 15/02/2025, 4:12:40 pm
GET /problems 15/02/2025, 4:13:02 pm
GET /problems 15/02/2025, 4:13:07 pm
GET /problems 15/02/2025, 4:20:13 pm
POST /login 15/02/2025, 4:22:03 pm
GET /loggedIn 15/02/2025, 4:22:03 pm
GET /problems 15/02/2025, 4:22:26 pm
GET /problems 15/02/2025, 4:24:22 pm
GET /problems 15/02/2025, 4:24:27 pm
GET /problems 15/02/2025, 4:45:53 pm
GET /problems 15/02/2025, 4:46:11 pm
GET /problems 15/02/2025, 4:46:48 pm
GET /problems/67ae0e4db5eb699a6a012cc3 15/02/2025, 4:46:48 pm
GET /problems/67ae0e4db5eb699a6a012cc3 15/02/2025, 4:47:01 pm
GET /problems 15/02/2025, 4:49:24 pm
GET /problems 15/02/2025, 4:49:27 pm
GET /problems/67ae0e4db5eb699a6a012cc3 15/02/2025, 4:49:27 pm
GET /problems 15/02/2025, 4:49:50 pm
GET /problems/67ae0e4db5eb699a6a012cc3 15/02/2025, 4:49:50 pm
GET /problems 15/02/2025, 4:52:01 pm
GET /problems 15/02/2025, 4:52:04 pm
GET /problems/67ae0e4db5eb699a6a012cc3 15/02/2025, 4:52:04 pm
GET /problems 15/02/2025, 4:52:33 pm
GET /problems 15/02/2025, 4:52:40 pm
GET /problems/67ae0e4db5eb699a6a012cc3 15/02/2025, 4:52:40 pm
GET /problems 15/02/2025, 4:53:07 pm
GET /problems/67ae0fa9b5eb699a6a012cc9 15/02/2025, 4:53:07 pm
POST /login 15/02/2025, 5:06:45 pm
GET /loggedIn 15/02/2025, 5:06:45 pm
GET /problems/67b04069caaccbe3ef11b83a 15/02/2025, 5:06:55 pm
GET /problems 15/02/2025, 5:09:09 pm
GET /problems 15/02/2025, 5:09:55 pm
POST /register 15/02/2025, 5:10:20 pm
GET /loggedIn 15/02/2025, 5:10:20 pm
GET /problems/67b040e0caaccbe3ef11b83c 15/02/2025, 5:10:30 pm
GET /problems 15/02/2025, 5:15:19 pm
GET /problems/67b04069caaccbe3ef11b83a 15/02/2025, 5:15:22 pm
GET /problems 15/02/2025, 5:15:40 pm
POST /login 15/02/2025, 5:15:49 pm
GET /loggedIn 15/02/2025, 5:15:49 pm
GET /problems/67b040e0caaccbe3ef11b83c 15/02/2025, 5:15:56 pm
POST /problems/67b040e0caaccbe3ef11b83c 15/02/2025, 5:16:24 pm
GET /problems/67ae0f10b5eb699a6a012cc7 15/02/2025, 5:16:46 pm
POST /problems/67ae0f10b5eb699a6a012cc7 15/02/2025, 5:17:03 pm
GET /problems/67b040e0caaccbe3ef11b83c 15/02/2025, 5:17:30 pm
POST /problems/67b040e0caaccbe3ef11b83c 15/02/2025, 5:17:55 pm
GET /problems/67b040e0caaccbe3ef11b83c 15/02/2025, 5:20:58 pm
GET /problems/67b040e0caaccbe3ef11b83c 15/02/2025, 5:22:41 pm
GET /problems/67b040e0caaccbe3ef11b83c 15/02/2025, 5:23:01 pm
GET /problems/67ae0e98b5eb699a6a012cc5 15/02/2025, 5:28:02 pm
GET /problems 15/02/2025, 6:28:00 pm
GET /problems/67ae0e98b5eb699a6a012cc5 15/02/2025, 6:28:00 pm
GET /problems 15/02/2025, 6:28:36 pm
GET /problems 15/02/2025, 6:28:48 pm
POST /login 15/02/2025, 6:28:54 pm
GET /loggedIn 15/02/2025, 6:28:54 pm
GET /problems/67ae0e4db5eb699a6a012cc3 15/02/2025, 6:39:14 pm
GET /problems 15/02/2025, 6:41:03 pm
GET /problems 15/02/2025, 6:42:05 pm
GET /problems 15/02/2025, 6:42:10 pm
GET /problems/67b04069caaccbe3ef11b83a 15/02/2025, 6:42:12 pm
GET /problems/67ae0e4db5eb699a6a012cc3 15/02/2025, 6:42:24 pm
GET /problems/67b04069caaccbe3ef11b83a 15/02/2025, 6:42:39 pm
GET /problems 15/02/2025, 6:43:08 pm
GET /problems 15/02/2025, 6:44:31 pm
POST /login 15/02/2025, 6:44:39 pm
GET /loggedIn 15/02/2025, 6:44:39 pm
GET /problems 15/02/2025, 6:45:09 pm
POST /login 15/02/2025, 6:45:16 pm
GET /loggedIn 15/02/2025, 6:45:16 pm
GET /problems 15/02/2025, 6:47:01 pm
GET /problems 15/02/2025, 6:47:21 pm
GET /problems 15/02/2025, 6:47:30 pm
GET /problems 15/02/2025, 6:47:36 pm
GET /problems 15/02/2025, 6:49:32 pm
GET /problems 15/02/2025, 6:49:38 pm
POST /login 15/02/2025, 6:50:54 pm
GET /loggedIn 15/02/2025, 6:50:54 pm
GET /problems 15/02/2025, 7:09:31 pm
GET /problems 15/02/2025, 7:10:59 pm
GET /problems 15/02/2025, 7:11:11 pm
GET /problems 15/02/2025, 7:14:52 pm
POST /login 15/02/2025, 7:15:35 pm
GET /loggedIn 15/02/2025, 7:15:35 pm
GET /problems 15/02/2025, 7:18:52 pm
POST /login 15/02/2025, 7:18:59 pm
GET /loggedIn 15/02/2025, 7:18:59 pm
GET /problems 15/02/2025, 7:20:13 pm
GET /problems 15/02/2025, 7:21:13 pm
POST /login 15/02/2025, 7:21:20 pm
GET /loggedIn 15/02/2025, 7:21:20 pm
GET /problems 15/02/2025, 7:22:21 pm
POST /login 15/02/2025, 7:28:30 pm
GET /loggedIn 15/02/2025, 7:28:30 pm
GET /problems/67b04069caaccbe3ef11b83a 15/02/2025, 7:28:54 pm
GET /problems 15/02/2025, 7:31:32 pm
POST /login 15/02/2025, 7:31:45 pm
GET /loggedIn 15/02/2025, 7:31:46 pm
GET /problems 15/02/2025, 7:32:40 pm
POST /login 15/02/2025, 7:32:47 pm
GET /loggedIn 15/02/2025, 7:32:47 pm
GET /problems 15/02/2025, 7:34:01 pm
POST /login 15/02/2025, 7:34:08 pm
GET /loggedIn 15/02/2025, 7:34:08 pm
GET /problems 15/02/2025, 7:34:31 pm
POST /login 15/02/2025, 7:34:38 pm
GET /loggedIn 15/02/2025, 7:34:38 pm
GET /problems 15/02/2025, 7:36:16 pm
GET /problems 15/02/2025, 7:38:20 pm
GET /problems 15/02/2025, 7:38:23 pm
POST /login 15/02/2025, 7:38:32 pm
GET /loggedIn 15/02/2025, 7:38:32 pm
GET /problems/67ae0e4db5eb699a6a012cc3 15/02/2025, 7:38:47 pm
GET /problems 15/02/2025, 7:40:19 pm
POST /login 15/02/2025, 7:40:26 pm
GET /loggedIn 15/02/2025, 7:40:26 pm
GET /problems 15/02/2025, 7:46:50 pm
GET /problems 15/02/2025, 7:47:00 pm
GET /problems 15/02/2025, 7:48:35 pm
GET /problems 15/02/2025, 7:49:27 pm
POST /login 15/02/2025, 7:49:34 pm
GET /loggedIn 15/02/2025, 7:49:34 pm
GET /problems/67ae0e4db5eb699a6a012cc3 15/02/2025, 7:49:41 pm
In undefined env !
Redis version greater than or equal to 2.8.18 Required !
Server running on PORT 5000 15/02/2025, 9:59:42 pm
Database Connected !!!
gcc-oj-container Id : 90e98b41c019dc023ce8ffe9550c0a1b696fa4ec4855cee90302a35227dfa808
py-oj-container Id : 729d8faeda9a2eed14a2758ba43437795b910845b630348348cc7b9e2aca2b1c
js-oj-container Id : 86857bc9093a0da85f6f501e78b5b6efa404acb6ce14157b7a52402c93696eb0
java-oj-container Id : 23e92eea668be73b0b8a297cd8210bc72231e7267bedbca3bb342c7123da2659

All Containers Initialized
GET /problems 15/02/2025, 10:00:41 pm
POST /login 15/02/2025, 10:01:37 pm
GET /loggedIn 15/02/2025, 10:01:37 pm
GET /problems/67b040e0caaccbe3ef11b83c 15/02/2025, 10:03:15 pm
GET /problems 15/02/2025, 10:04:10 pm
GET /problems 15/02/2025, 10:04:15 pm
POST /login 15/02/2025, 10:04:22 pm
GET /loggedIn 15/02/2025, 10:04:22 pm
GET /problems/67b040e0caaccbe3ef11b83c 15/02/2025, 10:04:31 pm
GET /problems/67ae0e98b5eb699a6a012cc5 15/02/2025, 10:05:06 pm
GET /problems/67ae0e4db5eb699a6a012cc3 15/02/2025, 10:05:11 pm
GET /problems/67b040e0caaccbe3ef11b83c 15/02/2025, 10:05:20 pm
GET /problems 15/02/2025, 10:06:00 pm
GET /problems/67b040e0caaccbe3ef11b83c 15/02/2025, 10:06:00 pm
POST /problems/67b040e0caaccbe3ef11b83c 15/02/2025, 10:06:37 pm
POST /problems/67b040e0caaccbe3ef11b83c 15/02/2025, 10:07:31 pm
GET /problems/67ae0f10b5eb699a6a012cc7 15/02/2025, 10:08:08 pm
GET /problems/67ae0fa9b5eb699a6a012cc9 15/02/2025, 10:08:11 pm
POST /problems/67ae0fa9b5eb699a6a012cc9 15/02/2025, 10:09:15 pm
GET /problems 15/02/2025, 10:09:18 pm
GET /problems/67ae0fa9b5eb699a6a012cc9 15/02/2025, 10:09:18 pm
POST /problems/67ae0fa9b5eb699a6a012cc9 15/02/2025, 10:10:04 pm
POST /problems/67ae0fa9b5eb699a6a012cc9 15/02/2025, 10:10:13 pm
GET /problems 15/02/2025, 10:11:04 pm
POST /register 15/02/2025, 10:11:20 pm
GET /loggedIn 15/02/2025, 10:11:20 pm
GET /problems/67ae0e4db5eb699a6a012cc3 15/02/2025, 10:11:37 pm
POST /problems/67ae0e4db5eb699a6a012cc3 15/02/2025, 10:12:04 pm
GET /problems/67b040e0caaccbe3ef11b83c 15/02/2025, 10:13:11 pm
GET /problems 15/02/2025, 10:22:08 pm
POST /login 15/02/2025, 10:22:17 pm
GET /loggedIn 15/02/2025, 10:22:17 pm
GET /problems/67b040e0caaccbe3ef11b83c 15/02/2025, 10:22:34 pm
POST /problems/67b040e0caaccbe3ef11b83c 15/02/2025, 10:23:04 pm
GET /problems/67b040e0caaccbe3ef11b83c 15/02/2025, 10:24:32 pm
GET /problems 15/02/2025, 10:32:48 pm
POST /login 15/02/2025, 10:33:00 pm
GET /loggedIn 15/02/2025, 10:33:01 pm
GET /problems 15/02/2025, 10:35:31 pm
POST /login 15/02/2025, 10:35:42 pm
GET /loggedIn 15/02/2025, 10:35:42 pm
GET /problems 15/02/2025, 10:37:57 pm
POST /login 15/02/2025, 10:38:06 pm
GET /loggedIn 15/02/2025, 10:38:06 pm
GET /problems/67b04069caaccbe3ef11b83a 15/02/2025, 10:38:13 pm
GET /problems 15/02/2025, 10:47:55 pm
GET /problems 15/02/2025, 10:48:00 pm
GET /problems 15/02/2025, 10:54:04 pm
GET /problems 15/02/2025, 10:55:15 pm
GET /problems 15/02/2025, 10:55:20 pm
GET /problems/67a899922a01af5e6917fd2e 15/02/2025, 10:55:20 pm
GET /problems 15/02/2025, 10:55:29 pm
GET /problems/67ae0e4db5eb699a6a012cc3 15/02/2025, 10:55:29 pm
GET /problems/67ae0e4db5eb699a6a012cc3 15/02/2025, 11:18:00 pm
GET /problems/67ae0f10b5eb699a6a012cc7 15/02/2025, 11:18:02 pm
GET /problems 15/02/2025, 11:27:05 pm
POST /login 15/02/2025, 11:27:19 pm
GET /loggedIn 15/02/2025, 11:27:19 pm
GET /problems/67b040e0caaccbe3ef11b83c 15/02/2025, 11:27:36 pm
GET /problems 15/02/2025, 11:31:36 pm
GET /problems/67b040e0caaccbe3ef11b83c 15/02/2025, 11:31:36 pm
GET /problems 16/02/2025, 12:17:42 am
GET /problems/67b040e0caaccbe3ef11b83c 16/02/2025, 12:17:42 am
GET /problems 16/02/2025, 12:17:45 am
GET /problems/67b04069caaccbe3ef11b83a 16/02/2025, 12:17:46 am
In undefined env !
Redis version greater than or equal to 2.8.18 Required !
Server running on PORT 5000 16/02/2025, 11:52:41 am
Database Connected !!!
GET /problems 16/02/2025, 11:53:37 am
POST /login 16/02/2025, 11:53:49 am
GET /loggedIn 16/02/2025, 11:53:50 am
GET /problems/67b04069caaccbe3ef11b83a 16/02/2025, 11:54:22 am
In undefined env !
Redis version greater than or equal to 2.8.18 Required !
Server running on PORT 5000 16/02/2025, 12:29:22 pm
Database Connected !!!
GET /problems 16/02/2025, 12:29:34 pm
POST /register 16/02/2025, 12:30:24 pm
GET /loggedIn 16/02/2025, 12:30:25 pm
GET /problems/67b040e0caaccbe3ef11b83c 16/02/2025, 12:30:31 pm
GET /problems/67ae0f10b5eb699a6a012cc7 16/02/2025, 12:30:38 pm
POST /problems/67ae0f10b5eb699a6a012cc7 16/02/2025, 12:31:03 pm
GET /problems 16/02/2025, 12:39:20 pm
POST /login 16/02/2025, 12:39:30 pm
GET /loggedIn 16/02/2025, 12:39:30 pm
GET /problems/67b040e0caaccbe3ef11b83c 16/02/2025, 12:39:39 pm
GET /problems 16/02/2025, 12:39:49 pm
GET /problems 16/02/2025, 12:40:10 pm
GET /problems 16/02/2025, 12:43:28 pm
GET /problems 16/02/2025, 12:43:29 pm
GET /problems 16/02/2025, 12:43:31 pm
GET /problems 16/02/2025, 12:43:46 pm
GET /problems 16/02/2025, 12:44:04 pm
POST /login 16/02/2025, 12:44:16 pm
GET /loggedIn 16/02/2025, 12:44:16 pm
GET /problems/67ae0e4db5eb699a6a012cc3 16/02/2025, 12:44:27 pm
GET /problems 16/02/2025, 12:44:34 pm
GET /problems 16/02/2025, 12:44:44 pm
GET /problems 16/02/2025, 12:44:49 pm
GET /problems 16/02/2025, 12:45:09 pm
GET /problems 16/02/2025, 12:45:13 pm
GET /problems 16/02/2025, 12:45:26 pm
GET /problems 16/02/2025, 12:45:31 pm
GET /problems 16/02/2025, 12:45:39 pm
GET /problems 16/02/2025, 12:46:45 pm
POST /login 16/02/2025, 12:46:55 pm
GET /loggedIn 16/02/2025, 12:46:55 pm
GET /problems/67ae0fa9b5eb699a6a012cc9 16/02/2025, 12:47:03 pm
GET /problems 16/02/2025, 12:51:00 pm
POST /login 16/02/2025, 12:51:07 pm
GET /loggedIn 16/02/2025, 12:51:07 pm
GET /problems 16/02/2025, 12:51:22 pm
